c:\users\matt\desktop\na6translationtools\dumperdll\x64\release\pefunctions.obj
c:\users\matt\desktop\na6translationtools\dumperdll\x64\release\dllmain.obj
c:\users\matt\desktop\na6translationtools\dumperdll\x64\release\dumperdll.obj
c:\users\matt\appdata\local\temp\lnk{ff8d20ac-01b7-4c6f-9339-1916beb6ba64}.tmp
c:\users\matt\desktop\na6translationtools\x64\release\dumperdll.dll
c:\users\matt\desktop\na6translationtools\x64\release\dumperdll.pdb
c:\users\matt\desktop\na6translationtools\dumperdll\x64\release\dumperdll.tlog\icl-mcpcom.read.1.tlog
c:\users\matt\desktop\na6translationtools\dumperdll\x64\release\dumperdll.tlog\icl-mcpcom.write.1.tlog
c:\users\matt\desktop\na6translationtools\dumperdll\x64\release\dumperdll.tlog\icl.command.1.tlog
c:\users\matt\desktop\na6translationtools\dumperdll\x64\release\dumperdll.tlog\icl.read.1.tlog
c:\users\matt\desktop\na6translationtools\dumperdll\x64\release\dumperdll.tlog\icl.write.1.tlog
c:\users\matt\desktop\na6translationtools\dumperdll\x64\release\dumperdll.tlog\xilink-link-cvtres.read.1.tlog
c:\users\matt\desktop\na6translationtools\dumperdll\x64\release\dumperdll.tlog\xilink-link-cvtres.write.1.tlog
c:\users\matt\desktop\na6translationtools\dumperdll\x64\release\dumperdll.tlog\xilink-link-rc.read.1.tlog
c:\users\matt\desktop\na6translationtools\dumperdll\x64\release\dumperdll.tlog\xilink-link-rc.write.1.tlog
c:\users\matt\desktop\na6translationtools\dumperdll\x64\release\dumperdll.tlog\xilink-link.read.1.tlog
c:\users\matt\desktop\na6translationtools\dumperdll\x64\release\dumperdll.tlog\xilink-link.write.1.tlog
c:\users\matt\desktop\na6translationtools\dumperdll\x64\release\dumperdll.tlog\xilink-mcpcom.read.1.tlog
c:\users\matt\desktop\na6translationtools\dumperdll\x64\release\dumperdll.tlog\xilink-mcpcom.write.1.tlog
c:\users\matt\desktop\na6translationtools\dumperdll\x64\release\dumperdll.tlog\xilink.command.1.tlog
c:\users\matt\desktop\na6translationtools\dumperdll\x64\release\dumperdll.tlog\xilink.read.1.tlog
c:\users\matt\desktop\na6translationtools\dumperdll\x64\release\dumperdll.tlog\xilink.write.1.tlog
