c:\users\matt\source\repos\na6translationtools\dumperdll\x64\debug\dllmain.obj
c:\users\matt\source\repos\na6translationtools\dumperdll\x64\debug\dumperdll.obj
c:\users\matt\source\repos\na6translationtools\dumperdll\x64\debug\pefunctions.obj
c:\users\matt\source\repos\na6translationtools\dumperdll\x64\debug\vc141.pdb
c:\users\matt\appdata\local\temp\lnk{da4a2977-38f0-4370-8d79-72f63a166680}.tmp
c:\users\matt\appdata\local\temp\lnk{2476bac1-b9ad-4f30-a6f0-f0419e286a24}.tmp
c:\users\matt\appdata\local\temp\lnk{c2053e9f-4332-4a92-bf5c-a3b05cac2c0f}.tmp
c:\users\matt\appdata\local\temp\lnk{b25d6adf-90f4-4bea-a173-c2277600f8bf}.tmp
c:\users\matt\appdata\local\temp\lnk{3d42a58b-e77e-4c53-a7be-a40e8fea587d}.tmp
c:\users\matt\appdata\local\temp\lnk{b07d8734-0449-456b-879a-0453e51f6aef}.tmp
c:\users\matt\appdata\local\temp\lnk{942f7b88-4ae5-4fcb-a43a-dc747d5c7d4d}.tmp
c:\users\matt\source\repos\na6translationtools\x64\debug\dumperdll.ilk
c:\users\matt\source\repos\na6translationtools\x64\debug\dumperdll.dll
c:\users\matt\source\repos\na6translationtools\x64\debug\dumperdll.pdb
c:\users\matt\source\repos\na6translationtools\dumperdll\x64\debug\stdafx.obj
c:\users\matt\source\repos\na6translationtools\dumperdll\x64\debug\dumperdll.pchi
c:\users\matt\source\repos\na6translationtools\dumperdll\x64\debug\dumperdll.tlog\icl-mcpcom.read.1.tlog
c:\users\matt\source\repos\na6translationtools\dumperdll\x64\debug\dumperdll.tlog\icl-mcpcom.write.1.tlog
c:\users\matt\source\repos\na6translationtools\dumperdll\x64\debug\dumperdll.tlog\icl.command.1.tlog
c:\users\matt\source\repos\na6translationtools\dumperdll\x64\debug\dumperdll.tlog\icl.read.1.tlog
c:\users\matt\source\repos\na6translationtools\dumperdll\x64\debug\dumperdll.tlog\icl.write.1.tlog
c:\users\matt\source\repos\na6translationtools\dumperdll\x64\debug\dumperdll.tlog\xilink-link-cvtres.read.1.tlog
c:\users\matt\source\repos\na6translationtools\dumperdll\x64\debug\dumperdll.tlog\xilink-link-cvtres.write.1.tlog
c:\users\matt\source\repos\na6translationtools\dumperdll\x64\debug\dumperdll.tlog\xilink-link-rc.read.1.tlog
c:\users\matt\source\repos\na6translationtools\dumperdll\x64\debug\dumperdll.tlog\xilink-link-rc.write.1.tlog
c:\users\matt\source\repos\na6translationtools\dumperdll\x64\debug\dumperdll.tlog\xilink-link.528-cvtres.read.1.tlog
c:\users\matt\source\repos\na6translationtools\dumperdll\x64\debug\dumperdll.tlog\xilink-link.528-cvtres.write.1.tlog
c:\users\matt\source\repos\na6translationtools\dumperdll\x64\debug\dumperdll.tlog\xilink-link.528-rc.read.1.tlog
c:\users\matt\source\repos\na6translationtools\dumperdll\x64\debug\dumperdll.tlog\xilink-link.528-rc.write.1.tlog
c:\users\matt\source\repos\na6translationtools\dumperdll\x64\debug\dumperdll.tlog\xilink-link.528.read.1.tlog
c:\users\matt\source\repos\na6translationtools\dumperdll\x64\debug\dumperdll.tlog\xilink-link.528.read.2.tlog
c:\users\matt\source\repos\na6translationtools\dumperdll\x64\debug\dumperdll.tlog\xilink-link.528.write.1.tlog
c:\users\matt\source\repos\na6translationtools\dumperdll\x64\debug\dumperdll.tlog\xilink-link.read.1.tlog
c:\users\matt\source\repos\na6translationtools\dumperdll\x64\debug\dumperdll.tlog\xilink-link.read.2.tlog
c:\users\matt\source\repos\na6translationtools\dumperdll\x64\debug\dumperdll.tlog\xilink-link.read.3.tlog
c:\users\matt\source\repos\na6translationtools\dumperdll\x64\debug\dumperdll.tlog\xilink-link.write.1.tlog
c:\users\matt\source\repos\na6translationtools\dumperdll\x64\debug\dumperdll.tlog\xilink.command.1.tlog
c:\users\matt\source\repos\na6translationtools\dumperdll\x64\debug\dumperdll.tlog\xilink.read.1.tlog
c:\users\matt\source\repos\na6translationtools\dumperdll\x64\debug\dumperdll.tlog\xilink.write.1.tlog
