c:\users\matt\desktop\na6translationtools\loaderdll\x64\release\pefunctions.obj
c:\users\matt\desktop\na6translationtools\loaderdll\x64\release\dllmain.obj
c:\users\matt\desktop\na6translationtools\loaderdll\x64\release\loaderdll.obj
c:\users\matt\appdata\local\temp\lnk{51b9effa-7781-4ff3-aba3-d6adf8b0cc3a}.tmp
c:\users\matt\desktop\na6translationtools\x64\release\loaderdll.dll
c:\users\matt\desktop\na6translationtools\x64\release\loaderdll.pdb
c:\users\matt\desktop\na6translationtools\loaderdll\x64\release\loaderdll.tlog\icl-mcpcom.read.1.tlog
c:\users\matt\desktop\na6translationtools\loaderdll\x64\release\loaderdll.tlog\icl-mcpcom.write.1.tlog
c:\users\matt\desktop\na6translationtools\loaderdll\x64\release\loaderdll.tlog\icl.command.1.tlog
c:\users\matt\desktop\na6translationtools\loaderdll\x64\release\loaderdll.tlog\icl.read.1.tlog
c:\users\matt\desktop\na6translationtools\loaderdll\x64\release\loaderdll.tlog\icl.write.1.tlog
c:\users\matt\desktop\na6translationtools\loaderdll\x64\release\loaderdll.tlog\xilink-link-cvtres.read.1.tlog
c:\users\matt\desktop\na6translationtools\loaderdll\x64\release\loaderdll.tlog\xilink-link-cvtres.write.1.tlog
c:\users\matt\desktop\na6translationtools\loaderdll\x64\release\loaderdll.tlog\xilink-link-rc.read.1.tlog
c:\users\matt\desktop\na6translationtools\loaderdll\x64\release\loaderdll.tlog\xilink-link-rc.write.1.tlog
c:\users\matt\desktop\na6translationtools\loaderdll\x64\release\loaderdll.tlog\xilink-link.read.1.tlog
c:\users\matt\desktop\na6translationtools\loaderdll\x64\release\loaderdll.tlog\xilink-link.write.1.tlog
c:\users\matt\desktop\na6translationtools\loaderdll\x64\release\loaderdll.tlog\xilink-mcpcom.read.1.tlog
c:\users\matt\desktop\na6translationtools\loaderdll\x64\release\loaderdll.tlog\xilink-mcpcom.write.1.tlog
c:\users\matt\desktop\na6translationtools\loaderdll\x64\release\loaderdll.tlog\xilink.command.1.tlog
c:\users\matt\desktop\na6translationtools\loaderdll\x64\release\loaderdll.tlog\xilink.read.1.tlog
c:\users\matt\desktop\na6translationtools\loaderdll\x64\release\loaderdll.tlog\xilink.write.1.tlog
